== application started at Oct 07 2021 09:28:32
OTClient 0.6.3 rev 0 (devel) built on Jul 22 2021 for arch x86
Loaded module 'corelib'
ERROR: Failed to read dat otml 'modules/game_things/things.otml': unable to open file '/game_things/modules/game_things/things.otml': O sistema não pode encontrar o caminho especificado.'
Loaded module 'game_things'
Loaded module 'gamelib'
Loaded module 'client'
Loaded module 'client_styles'
Locale 'pl' is missing 1 translations.
["Total Price:"] = "",
Locale 'pt' is missing 19 translations.
["Account Status:"] = "",
["Action:"] = "",
["Amount:"] = "",
["Balance:"] = "",
["Comment:"] = "",
["Don't stretch/shrink Game Window"] = "",
["Find:"] = "",
["Name:"] = "",
["Offer Type:"] = "",
["Piece Price:"] = "",
["Position:"] = "",
["Price:"] = "",
["Reason:"] = "",
["Search:"] = "",
["Statement:"] = "",
["Total Price:"] = "",
["Weight:"] = "",
["Your Capacity:"] = "",
["Your Money:"] = "",
Using configured locale: pt
Loaded module 'client_locales'
Loaded module 'client_topmenu'
Loaded module 'client_background'
Unable to translate: "Display player mana bar"
Unable to translate: "Turn delay: %sms"
Unable to translate: "Turn delay: %dms"
Unable to translate: "Hotkey delay: %dms"
Unable to translate: "Hotkey delay: %dms"
Unable to translate: "Don't stretch/shrink Game Window"
Loaded module 'client_options'
Unable to translate: "Authenticator Token"
Unable to translate: "Stay logged during session"
Unable to translate: "Make sure that your client uses
the correct game client version"
Unable to translate: "Client Version"
Loaded module 'client_entergame'
Loaded module 'client_terminal'
Loaded module 'client_modulemanager'
Loaded module 'client_serverlist'
Loaded module 'client_stats'
Unable to translate: "Show Top Menu"
Loaded module 'game_interface'
Loaded module 'game_hotkeys'
Loaded module 'game_questlog'
Loaded module 'game_textmessage'
Unable to translate: "Disable chat mode, allow to walk using ASDW"
Loaded module 'game_console'
Loaded module 'game_outfit'
Loaded module 'game_healthinfo'
Unable to translate: "Critical Hit Chance"
Unable to translate: "Critical Hit Damage"
Unable to translate: "Life Leech Chance"
Unable to translate: "Life Leech Amount"
Unable to translate: "Life Leech Chance"
Unable to translate: "Life Leech Amount"
Loaded module 'game_skills'
Unable to translate: "Open purse"
Loaded module 'game_inventory'
Loaded module 'game_combatcontrols'
Loaded module 'game_containers'
Loaded module 'game_viplist'
Loaded module 'game_battle'
Unable to translate: "Hold left mouse button to navigate
Scroll mouse middle button to zoom
Right mouse button to create map marks
Press Ctrl+Shift+M to view the entire game map"
Loaded module 'game_minimap'
Loaded module 'game_npctrade'
Loaded module 'game_textwindow'
Loaded module 'game_playertrade'
Loaded module 'game_bugreport'
Loaded module 'game_playerdeath'
Loaded module 'game_playermount'
Loaded module 'game_ruleviolation'
Unable to translate: "Reset selection, filters & search"
Unable to translate: "Buyer Name"
Unable to translate: "Auction End"
Unable to translate: "Seller Name"
Unable to translate: "Auction End"
Unable to translate: "Item Name"
Unable to translate: "Auction End"
Unable to translate: "Item Name"
Unable to translate: "Auction End"
Loaded module 'game_market'
Unable to translate: "Filters"
Loaded module 'game_spelllist'
Loaded module 'game_cooldown'
Loaded module 'game_modaldialog'
Unable to translate: "Unjustified Points"
Unable to translate: "Unjustified Points"
Unable to translate: "Open PvP"
Unable to translate: "Open PvP Situations"
Unable to translate: "Skull Time"
Loaded module 'game_unjustifiedpoints'
Unable to translate: "Hotkey delay: %sms"
Unable to translate: "Turn delay: %sms"
Unable to translate: "Connection failed."
Unable to translate: "(ERROR %d)"
Exiting application..
== application started at Oct 07 2021 13:54:25
OTClient 0.6.3 rev 0 (devel) built on Jul 22 2021 for arch x86
Loaded module 'corelib'
ERROR: Failed to read dat otml 'modules/game_things/things.otml': unable to open file '/game_things/modules/game_things/things.otml': Path not found.'
Loaded module 'game_things'
Loaded module 'gamelib'
Loaded module 'client'
Loaded module 'client_styles'
Locale 'pl' is missing 1 translations.
["Total Price:"] = "",
Locale 'pt' is missing 19 translations.
["Account Status:"] = "",
["Action:"] = "",
["Amount:"] = "",
["Balance:"] = "",
["Comment:"] = "",
["Don't stretch/shrink Game Window"] = "",
["Find:"] = "",
["Name:"] = "",
["Offer Type:"] = "",
["Piece Price:"] = "",
["Position:"] = "",
["Price:"] = "",
["Reason:"] = "",
["Search:"] = "",
["Statement:"] = "",
["Total Price:"] = "",
["Weight:"] = "",
["Your Capacity:"] = "",
["Your Money:"] = "",
Loaded module 'client_locales'
Loaded module 'client_topmenu'
Loaded module 'client_background'
Loaded module 'client_options'
Loaded module 'client_entergame'
Loaded module 'client_terminal'
Loaded module 'client_modulemanager'
Loaded module 'client_serverlist'
Loaded module 'client_stats'
Loaded module 'game_interface'
Loaded module 'game_hotkeys'
Loaded module 'game_questlog'
Loaded module 'game_textmessage'
Loaded module 'game_console'
Loaded module 'game_outfit'
Loaded module 'game_healthinfo'
Loaded module 'game_skills'
Loaded module 'game_inventory'
Loaded module 'game_combatcontrols'
Loaded module 'game_containers'
Loaded module 'game_viplist'
Loaded module 'game_battle'
Loaded module 'game_minimap'
Loaded module 'game_npctrade'
Loaded module 'game_textwindow'
Loaded module 'game_playertrade'
Loaded module 'game_bugreport'
Loaded module 'game_playerdeath'
Loaded module 'game_playermount'
Loaded module 'game_ruleviolation'
Loaded module 'game_market'
Loaded module 'game_spelllist'
Loaded module 'game_cooldown'
Loaded module 'game_modaldialog'
Loaded module 'game_unjustifiedpoints'
Could not send statistics: Unknown error
Could not send statistics: Unknown error
Could not send statistics: Unknown error
Could not send statistics: Unknown error
Could not send statistics: Unknown error
Could not send statistics: Unknown error
Could not send statistics: Unknown error
Could not send statistics: Unknown error
Could not send statistics: Unknown error
Could not send statistics: Unknown error
Could not send statistics: Unknown error
Could not send statistics: Unknown error
Could not send statistics: Unknown error
Could not send statistics: Unknown error
Could not send statistics: Unknown error
Could not send statistics: Unknown error
Could not send statistics: Unknown error
Could not send statistics: Unknown error
Could not send statistics: Unknown error
Could not send statistics: Unknown error
Could not send statistics: Unknown error
Could not send statistics: Unknown error
Could not send statistics: Unknown error
Could not send statistics: Unknown error
Could not send statistics: Unknown error
Could not send statistics: Unknown error
Could not send statistics: Unknown error
Could not send statistics: Unknown error
Could not send statistics: Unknown error
Could not send statistics: Unknown error
Could not send statistics: Unknown error
Could not send statistics: Unknown error
Could not send statistics: Unknown error
Could not send statistics: Unknown error
Could not send statistics: Unknown error
Could not send statistics: Unknown error
Could not send statistics: Unknown error
Could not send statistics: Unknown error
Could not send statistics: Unknown error
Could not send statistics: Unknown error
Could not send statistics: Unknown error
Could not send statistics: Unknown error
Could not send statistics: Unknown error
Could not send statistics: Unknown error
Could not send statistics: Unknown error
Could not send statistics: Unknown error
Could not send statistics: Unknown error
Could not send statistics: Unknown error
Could not send statistics: Unknown error
Could not send statistics: Unknown error
Could not send statistics: Unknown error
Could not send statistics: Unknown error
Could not send statistics: Unknown error
Could not send statistics: Unknown error
Could not send statistics: Unknown error
Could not send statistics: Unknown error
Could not send statistics: Unknown error
Could not send statistics: Unknown error
Could not send statistics: Unknown error
Could not send statistics: Unknown error
Could not send statistics: Unknown error
Could not send statistics: Unknown error
Could not send statistics: Unknown error
Could not send statistics: Unknown error
Could not send statistics: Unknown error
Could not send statistics: Unknown error
Could not send statistics: Unknown error
Could not send statistics: Unknown error
Could not send statistics: Unknown error
Could not send statistics: Unknown error
Could not send statistics: Unknown error
Could not send statistics: Unknown error
Could not send statistics: Unknown error
Could not send statistics: Unknown error
Could not send statistics: Unknown error
Could not send statistics: Unknown error
Could not send statistics: Unknown error
Could not send statistics: Unknown error
Could not send statistics: Unknown error
Could not send statistics: Unknown error
Could not send statistics: Unknown error
Could not send statistics: Unknown error
Could not send statistics: Unknown error
Could not send statistics: Unknown error
Could not send statistics: Unknown error
Could not send statistics: Unknown error
Could not send statistics: Unknown error
Could not send statistics: Unknown error
Could not send statistics: Unknown error
Could not send statistics: Unknown error
Could not send statistics: Unknown error
Could not send statistics: Unknown error
Could not send statistics: Unknown error
Could not send statistics: Unknown error
Could not send statistics: Unknown error
Could not send statistics: Unknown error
Could not send statistics: Unknown error
Could not send statistics: Unknown error
Could not send statistics: Unknown error
Could not send statistics: Unknown error
Could not send statistics: Unknown error
Could not send statistics: Unknown error
Could not send statistics: Unknown error
Could not send statistics: Unknown error
Exiting application..
== application started at Oct 07 2021 23:12:46
OTClient 0.6.3 rev 0 (devel) built on Jul 22 2021 for arch x86
Loaded module 'corelib'
ERROR: Failed to read dat otml 'modules/game_things/things.otml': unable to open file '/game_things/modules/game_things/things.otml': Path not found.'
Loaded module 'game_things'
Loaded module 'gamelib'
Loaded module 'client'
Loaded module 'client_styles'
Locale 'pl' is missing 1 translations.
["Total Price:"] = "",
Locale 'pt' is missing 19 translations.
["Account Status:"] = "",
["Action:"] = "",
["Amount:"] = "",
["Balance:"] = "",
["Comment:"] = "",
["Don't stretch/shrink Game Window"] = "",
["Find:"] = "",
["Name:"] = "",
["Offer Type:"] = "",
["Piece Price:"] = "",
["Position:"] = "",
["Price:"] = "",
["Reason:"] = "",
["Search:"] = "",
["Statement:"] = "",
["Total Price:"] = "",
["Weight:"] = "",
["Your Capacity:"] = "",
["Your Money:"] = "",
Loaded module 'client_locales'
Loaded module 'client_topmenu'
Loaded module 'client_background'
Loaded module 'client_options'
Loaded module 'client_entergame'
Loaded module 'client_terminal'
Loaded module 'client_modulemanager'
Loaded module 'client_serverlist'
Loaded module 'client_stats'
Loaded module 'game_interface'
Loaded module 'game_hotkeys'
Loaded module 'game_questlog'
Loaded module 'game_textmessage'
Loaded module 'game_console'
Loaded module 'game_outfit'
Loaded module 'game_healthinfo'
Loaded module 'game_skills'
Loaded module 'game_inventory'
Loaded module 'game_combatcontrols'
Loaded module 'game_containers'
Loaded module 'game_viplist'
Loaded module 'game_battle'
Loaded module 'game_minimap'
Loaded module 'game_npctrade'
Loaded module 'game_textwindow'
Loaded module 'game_playertrade'
Loaded module 'game_bugreport'
Loaded module 'game_playerdeath'
Loaded module 'game_playermount'
Loaded module 'game_ruleviolation'
Loaded module 'game_market'
Loaded module 'game_spelllist'
Loaded module 'game_cooldown'
Loaded module 'game_modaldialog'
Loaded module 'game_unjustifiedpoints'
Could not send statistics: Unknown error
Could not send statistics: Unknown error
Could not send statistics: Unknown error
Could not send statistics: Unknown error
Could not send statistics: Unknown error
Could not send statistics: Unknown error
Could not send statistics: Unknown error
Could not send statistics: Unknown error
Could not send statistics: Unknown error
Could not send statistics: Unknown error
Could not send statistics: Unknown error
Could not send statistics: Unknown error
Could not send statistics: Unknown error
Could not send statistics: Unknown error
Could not send statistics: Unknown error
Could not send statistics: Unknown error
Could not send statistics: Unknown error
Could not send statistics: Unknown error
Could not send statistics: Unknown error
Could not send statistics: Unknown error
Could not send statistics: Unknown error
Could not send statistics: Unknown error
Could not send statistics: Unknown error
Could not send statistics: Unknown error
Could not send statistics: Unknown error
Could not send statistics: Unknown error
Could not send statistics: Unknown error
Could not send statistics: Unknown error
Could not send statistics: Unknown error
Could not send statistics: Unknown error
Could not send statistics: Unknown error
Could not send statistics: Unknown error
Could not send statistics: Unknown error
Could not send statistics: Unknown error
Could not send statistics: Unknown error
Could not send statistics: Unknown error
Could not send statistics: Unknown error
Could not send statistics: Unknown error
Could not send statistics: Unknown error
Could not send statistics: Unknown error
Could not send statistics: Unknown error
Could not send statistics: Unknown error
Could not send statistics: Unknown error
Could not send statistics: Unknown error
Could not send statistics: Unknown error
Could not send statistics: Unknown error
Could not send statistics: Unknown error
Could not send statistics: Unknown error
Could not send statistics: Unknown error
Could not send statistics: Unknown error
Could not send statistics: Unknown error
Could not send statistics: Unknown error
Could not send statistics: Unknown error
Could not send statistics: Unknown error
Could not send statistics: Unknown error
Could not send statistics: Unknown error
Could not send statistics: Unknown error
Could not send statistics: Unknown error
Could not send statistics: Unknown error
Could not send statistics: Unknown error
Could not send statistics: Unknown error
Could not send statistics: Unknown error
Could not send statistics: Unknown error
Could not send statistics: Unknown error
Could not send statistics: Unknown error
Could not send statistics: Unknown error
Could not send statistics: Unknown error
Could not send statistics: Unknown error
Could not send statistics: Unknown error
Could not send statistics: Unknown error
Could not send statistics: Unknown error
Could not send statistics: Unknown error
Could not send statistics: Unknown error
Could not send statistics: Unknown error
Could not send statistics: Unknown error
Could not send statistics: Unknown error
Could not send statistics: Unknown error
Could not send statistics: Unknown error
Could not send statistics: Unknown error
Could not send statistics: Unknown error
Could not send statistics: Unknown error
Could not send statistics: Unknown error
Could not send statistics: Unknown error
Could not send statistics: Unknown error
Could not send statistics: Unknown error
Could not send statistics: Unknown error
Could not send statistics: Unknown error
Could not send statistics: Unknown error
Could not send statistics: Unknown error
Could not send statistics: Unknown error
Could not send statistics: Unknown error
WARNING: widget 'container0' destroyed but still have 1 reference(s) left
Could not send statistics: Unknown error
Could not send statistics: Unknown error
Could not send statistics: Unknown error
Could not send statistics: Unknown error
Could not send statistics: Unknown error
Could not send statistics: Unknown error
Could not send statistics: Unknown error
Could not send statistics: Unknown error
Could not send statistics: Unknown error
Could not send statistics: Unknown error
Could not send statistics: Unknown error
Could not send statistics: Unknown error
Could not send statistics: Unknown error
Could not send statistics: Unknown error
Could not send statistics: Unknown error
Could not send statistics: Unknown error
Could not send statistics: Unknown error
Could not send statistics: Unknown error
Could not send statistics: Unknown error
Could not send statistics: Unknown error
Could not send statistics: Unknown error
Could not send statistics: Unknown error
Could not send statistics: Unknown error
Could not send statistics: Unknown error
Could not send statistics: Unknown error
Could not send statistics: Unknown error
Could not send statistics: Unknown error
Could not send statistics: Unknown error
Could not send statistics: Unknown error
Could not send statistics: Unknown error
Could not send statistics: Unknown error
Could not send statistics: Unknown error
Could not send statistics: Unknown error
Could not send statistics: Unknown error
Could not send statistics: Unknown error
Could not send statistics: Unknown error
Could not send statistics: Unknown error
Could not send statistics: Unknown error
Could not send statistics: Unknown error
Could not send statistics: Unknown error
Could not send statistics: Unknown error
Could not send statistics: Unknown error
Could not send statistics: Unknown error
Could not send statistics: Unknown error
Could not send statistics: Unknown error
Could not send statistics: Unknown error
Could not send statistics: Unknown error
Could not send statistics: Unknown error
Could not send statistics: Unknown error
Could not send statistics: Unknown error
Could not send statistics: Unknown error
Could not send statistics: Unknown error
Could not send statistics: Unknown error
== application started at Oct 08 2021 02:41:18
OTClient 0.6.3 rev 0 (devel) built on Jul 22 2021 for arch x86
Loaded module 'corelib'
ERROR: Failed to read dat otml 'modules/game_things/things.otml': unable to open file '/game_things/modules/game_things/things.otml': Path not found.'
Loaded module 'game_things'
Loaded module 'gamelib'
Loaded module 'client'
Loaded module 'client_styles'
Locale 'pl' is missing 1 translations.
["Total Price:"] = "",
Locale 'pt' is missing 19 translations.
["Account Status:"] = "",
["Action:"] = "",
["Amount:"] = "",
["Balance:"] = "",
["Comment:"] = "",
["Don't stretch/shrink Game Window"] = "",
["Find:"] = "",
["Name:"] = "",
["Offer Type:"] = "",
["Piece Price:"] = "",
["Position:"] = "",
["Price:"] = "",
["Reason:"] = "",
["Search:"] = "",
["Statement:"] = "",
["Total Price:"] = "",
["Weight:"] = "",
["Your Capacity:"] = "",
["Your Money:"] = "",
Loaded module 'client_locales'
Loaded module 'client_topmenu'
Loaded module 'client_background'
Loaded module 'client_options'
Loaded module 'client_entergame'
Loaded module 'client_terminal'
Loaded module 'client_modulemanager'
Loaded module 'client_serverlist'
Loaded module 'client_stats'
Loaded module 'game_interface'
Loaded module 'game_hotkeys'
Loaded module 'game_questlog'
Loaded module 'game_textmessage'
Loaded module 'game_console'
Loaded module 'game_outfit'
Loaded module 'game_healthinfo'
Loaded module 'game_skills'
Loaded module 'game_inventory'
Loaded module 'game_combatcontrols'
Loaded module 'game_containers'
Loaded module 'game_viplist'
Loaded module 'game_battle'
Loaded module 'game_minimap'
Loaded module 'game_npctrade'
Loaded module 'game_textwindow'
Loaded module 'game_playertrade'
Loaded module 'game_bugreport'
Loaded module 'game_playerdeath'
Loaded module 'game_playermount'
Loaded module 'game_ruleviolation'
Loaded module 'game_market'
Loaded module 'game_spelllist'
Loaded module 'game_cooldown'
Loaded module 'game_modaldialog'
Loaded module 'game_unjustifiedpoints'
ERROR: Unable to send extended opcode 1, extended opcodes are not enabled
Could not send statistics: Unknown error
ERROR: Unable to send extended opcode 1, extended opcodes are not enabled
Could not send statistics: Unknown error
Could not send statistics: Unknown error
Could not send statistics: Unknown error
Could not send statistics: Unknown error
Could not send statistics: Unknown error
Could not send statistics: Unknown error
Could not send statistics: Unknown error
Could not send statistics: Unknown error
Could not send statistics: Unknown error
WARNING: widget 'container0' destroyed but still have 1 reference(s) left
== application started at Oct 08 2021 17:01:19
OTClient 0.6.3 rev 0 (devel) built on Jul 22 2021 for arch x86
Loaded module 'corelib'
ERROR: Failed to read dat otml 'modules/game_things/things.otml': unable to open file '/game_things/modules/game_things/things.otml': Path not found.'
Loaded module 'game_things'
Loaded module 'gamelib'
Loaded module 'client'
Loaded module 'client_styles'
Locale 'pl' is missing 1 translations.
["Total Price:"] = "",
Locale 'pt' is missing 19 translations.
["Account Status:"] = "",
["Action:"] = "",
["Amount:"] = "",
["Balance:"] = "",
["Comment:"] = "",
["Don't stretch/shrink Game Window"] = "",
["Find:"] = "",
["Name:"] = "",
["Offer Type:"] = "",
["Piece Price:"] = "",
["Position:"] = "",
["Price:"] = "",
["Reason:"] = "",
["Search:"] = "",
["Statement:"] = "",
["Total Price:"] = "",
["Weight:"] = "",
["Your Capacity:"] = "",
["Your Money:"] = "",
Loaded module 'client_locales'
Loaded module 'client_topmenu'
Loaded module 'client_background'
Loaded module 'client_options'
Loaded module 'client_entergame'
Loaded module 'client_terminal'
Loaded module 'client_modulemanager'
Loaded module 'client_serverlist'
Loaded module 'client_stats'
Loaded module 'game_interface'
Loaded module 'game_hotkeys'
Loaded module 'game_questlog'
Loaded module 'game_textmessage'
Loaded module 'game_console'
Loaded module 'game_outfit'
Loaded module 'game_healthinfo'
Loaded module 'game_skills'
Loaded module 'game_inventory'
Loaded module 'game_combatcontrols'
Loaded module 'game_containers'
Loaded module 'game_viplist'
Loaded module 'game_battle'
Loaded module 'game_minimap'
Loaded module 'game_npctrade'
Loaded module 'game_textwindow'
Loaded module 'game_playertrade'
Loaded module 'game_bugreport'
Loaded module 'game_playerdeath'
Loaded module 'game_playermount'
Loaded module 'game_ruleviolation'
Loaded module 'game_market'
Loaded module 'game_spelllist'
Loaded module 'game_cooldown'
Loaded module 'game_modaldialog'
Loaded module 'game_unjustifiedpoints'
ERROR: Unable to send extended opcode 1, extended opcodes are not enabled
Could not send statistics: Unknown error
Could not send statistics: Unknown error
Could not send statistics: Unknown error
Could not send statistics: Unknown error
Could not send statistics: Unknown error
Could not send statistics: Unknown error
Could not send statistics: Unknown error
Could not send statistics: Unknown error
Could not send statistics: Unknown error
Could not send statistics: Unknown error
WARNING: message in channel id 0 which is unknown, this is a server bug, relogin if you want to see messages in this channel
Could not send statistics: Unknown error
Could not send statistics: Unknown error
Could not send statistics: Unknown error
Could not send statistics: Unknown error
Could not send statistics: Unknown error
Could not send statistics: Unknown error
Could not send statistics: Unknown error
Could not send statistics: Unknown error
Could not send statistics: Unknown error
Could not send statistics: Unknown error
Could not send statistics: Unknown error
Could not send statistics: Unknown error
Could not send statistics: Unknown error
Could not send statistics: Unknown error
Could not send statistics: Unknown error
Could not send statistics: Unknown error
WARNING: message in channel id 0 which is unknown, this is a server bug, relogin if you want to see messages in this channel
Could not send statistics: Unknown error
Could not send statistics: Unknown error
Could not send statistics: Unknown error
ERROR: Unable to send extended opcode 1, extended opcodes are not enabled
Could not send statistics: Unknown error
ERROR: Unable to send extended opcode 1, extended opcodes are not enabled
Could not send statistics: Unknown error
Could not send statistics: Unknown error
Could not send statistics: Unknown error
ERROR: Unable to send extended opcode 1, extended opcodes are not enabled
Could not send statistics: Unknown error
Could not send statistics: Unknown error
ERROR: Unable to send extended opcode 1, extended opcodes are not enabled
Could not send statistics: Unknown error
Could not send statistics: Unknown error
Could not send statistics: Unknown error
Could not send statistics: Unknown error
Could not send statistics: Unknown error
Could not send statistics: Unknown error
Could not send statistics: Unknown error
Could not send statistics: Unknown error
Could not send statistics: Unknown error
Could not send statistics: Unknown error
Could not send statistics: Unknown error
Could not send statistics: Unknown error
Could not send statistics: Unknown error
Could not send statistics: Unknown error
Could not send statistics: Unknown error
Could not send statistics: Unknown error
Could not send statistics: Unknown error
Could not send statistics: Unknown error
Could not send statistics: Unknown error
Could not send statistics: Unknown error
Could not send statistics: Unknown error
Could not send statistics: Unknown error
Could not send statistics: Unknown error
Could not send statistics: Unknown error
Could not send statistics: Unknown error
Could not send statistics: Unknown error
Could not send statistics: Unknown error
Could not send statistics: Unknown error
Could not send statistics: Unknown error
Could not send statistics: Unknown error
Could not send statistics: Unknown error
Could not send statistics: Unknown error
Could not send statistics: Unknown error
WARNING: message in channel id 0 which is unknown, this is a server bug, relogin if you want to see messages in this channel
Could not send statistics: Unknown error
WARNING: message in channel id 0 which is unknown, this is a server bug, relogin if you want to see messages in this channel
Could not send statistics: Unknown error
Could not send statistics: Unknown error
Could not send statistics: Unknown error
Could not send statistics: Unknown error
Could not send statistics: Unknown error
WARNING: message in channel id 0 which is unknown, this is a server bug, relogin if you want to see messages in this channel
Could not send statistics: Unknown error
Could not send statistics: Unknown error
Could not send statistics: Unknown error
Could not send statistics: Unknown error
Could not send statistics: Unknown error
Could not send statistics: Unknown error
Could not send statistics: Unknown error
Could not send statistics: Unknown error
Could not send statistics: Unknown error
Could not send statistics: Unknown error
Could not send statistics: Unknown error
Could not send statistics: Unknown error
Could not send statistics: Unknown error
Could not send statistics: Unknown error
Could not send statistics: Unknown error
Could not send statistics: Unknown error
Could not send statistics: Unknown error
Could not send statistics: Unknown error
Could not send statistics: Unknown error
Could not send statistics: Unknown error
Could not send statistics: Unknown error
Could not send statistics: Unknown error
Could not send statistics: Unknown error
Could not send statistics: Unknown error
WARNING: message in channel id 0 which is unknown, this is a server bug, relogin if you want to see messages in this channel
Could not send statistics: Unknown error
Could not send statistics: Unknown error
Could not send statistics: Unknown error
Could not send statistics: Unknown error
Could not send statistics: Unknown error
Could not send statistics: Unknown error
Could not send statistics: Unknown error
Could not send statistics: Unknown error
Could not send statistics: Unknown error
ERROR: Unable to send extended opcode 1, extended opcodes are not enabled
ERROR: Unable to send extended opcode 1, extended opcodes are not enabled
Could not send statistics: Unknown error
Could not send statistics: Unknown error
ERROR: Unable to send extended opcode 1, extended opcodes are not enabled
Could not send statistics: Unknown error
ERROR: Unable to send extended opcode 1, extended opcodes are not enabled
Could not send statistics: Unknown error
Could not send statistics: Unknown error
Could not send statistics: Unknown error
Could not send statistics: Unknown error
Could not send statistics: Unknown error
Could not send statistics: Unknown error
Could not send statistics: Unknown error
ERROR: Unable to send extended opcode 1, extended opcodes are not enabled
Could not send statistics: Unknown error
ERROR: Unable to send extended opcode 1, extended opcodes are not enabled
Could not send statistics: Unknown error
ERROR: Unable to send extended opcode 1, extended opcodes are not enabled
Could not send statistics: Unknown error
Could not send statistics: Unknown error
Could not send statistics: Unknown error
Could not send statistics: Unknown error
Could not send statistics: Unknown error
ERROR: Unable to send extended opcode 1, extended opcodes are not enabled
Could not send statistics: Unknown error
Could not send statistics: Unknown error
Could not send statistics: Unknown error
Could not send statistics: Unknown error
Could not send statistics: Unknown error
Could not send statistics: Unknown error
Could not send statistics: Unknown error
Could not send statistics: Unknown error
Could not send statistics: Unknown error
Could not send statistics: Unknown error
Could not send statistics: Unknown error
Could not send statistics: Unknown error
WARNING: message in channel id 0 which is unknown, this is a server bug, relogin if you want to see messages in this channel
Could not send statistics: Unknown error
Could not send statistics: Unknown error
Could not send statistics: Unknown error
Could not send statistics: Unknown error
Could not send statistics: Unknown error
Could not send statistics: Unknown error
Could not send statistics: Unknown error
Could not send statistics: Unknown error
Could not send statistics: Unknown error
Could not send statistics: Unknown error
Could not send statistics: Unknown error
Could not send statistics: Unknown error
Could not send statistics: Unknown error
Could not send statistics: Unknown error
Could not send statistics: Unknown error
WARNING: message in channel id 0 which is unknown, this is a server bug, relogin if you want to see messages in this channel
ERROR: Unable to send extended opcode 1, extended opcodes are not enabled
ERROR: Unable to send extended opcode 1, extended opcodes are not enabled
Could not send statistics: Unknown error
Could not send statistics: Unknown error
ERROR: Unable to send extended opcode 1, extended opcodes are not enabled
Could not send statistics: Unknown error
Could not send statistics: Unknown error
Could not send statistics: Unknown error
Could not send statistics: Unknown error
Could not send statistics: Unknown error
Could not send statistics: Unknown error
Could not send statistics: Unknown error
Could not send statistics: Unknown error
Could not send statistics: Unknown error
Could not send statistics: Unknown error
Could not send statistics: Unknown error
Could not send statistics: Unknown error
Could not send statistics: Unknown error
Could not send statistics: Unknown error
Could not send statistics: Unknown error
Could not send statistics: Unknown error
Could not send statistics: Unknown error
Could not send statistics: Unknown error
Could not send statistics: Unknown error
Could not send statistics: Unknown error
Could not send statistics: Unknown error
Could not send statistics: Unknown error
Could not send statistics: Unknown error
Could not send statistics: Unknown error
Could not send statistics: Unknown error
Could not send statistics: Unknown error
Could not send statistics: Unknown error
Could not send statistics: Unknown error
Could not send statistics: Unknown error
Could not send statistics: Unknown error
Could not send statistics: Unknown error
Could not send statistics: Unknown error
Could not send statistics: Unknown error
Could not send statistics: Unknown error
Could not send statistics: Unknown error
Could not send statistics: Unknown error
Could not send statistics: Unknown error
Could not send statistics: Unknown error
Could not send statistics: Unknown error
Could not send statistics: Unknown error
Could not send statistics: Unknown error
Could not send statistics: Unknown error
Could not send statistics: Unknown error
Could not send statistics: Unknown error
Could not send statistics: Unknown error
Could not send statistics: Unknown error
Could not send statistics: Unknown error
Could not send statistics: Unknown error
Could not send statistics: Unknown error
Could not send statistics: Unknown error
Could not send statistics: Unknown error
Could not send statistics: Unknown error
Could not send statistics: Unknown error
Could not send statistics: Unknown error
Could not send statistics: Unknown error
Could not send statistics: Unknown error
Could not send statistics: Unknown error
Could not send statistics: Unknown error
Could not send statistics: Unknown error
Could not send statistics: Unknown error
Could not send statistics: Unknown error
Could not send statistics: Unknown error
Could not send statistics: Unknown error
== application started at Oct 10 2021 10:07:01
OTClient 0.6.3 rev 0 (devel) built on Jul 22 2021 for arch x86
Loaded module 'corelib'
ERROR: Failed to read dat otml 'modules/game_things/things.otml': unable to open file '/game_things/modules/game_things/things.otml': Path not found.'
Loaded module 'game_things'
Loaded module 'gamelib'
Loaded module 'client'
Loaded module 'client_styles'
Locale 'pl' is missing 1 translations.
["Total Price:"] = "",
Locale 'pt' is missing 19 translations.
["Account Status:"] = "",
["Action:"] = "",
["Amount:"] = "",
["Balance:"] = "",
["Comment:"] = "",
["Don't stretch/shrink Game Window"] = "",
["Find:"] = "",
["Name:"] = "",
["Offer Type:"] = "",
["Piece Price:"] = "",
["Position:"] = "",
["Price:"] = "",
["Reason:"] = "",
["Search:"] = "",
["Statement:"] = "",
["Total Price:"] = "",
["Weight:"] = "",
["Your Capacity:"] = "",
["Your Money:"] = "",
Loaded module 'client_locales'
Loaded module 'client_topmenu'
Loaded module 'client_background'
Loaded module 'client_options'
Loaded module 'client_entergame'
Loaded module 'client_terminal'
Loaded module 'client_modulemanager'
Loaded module 'client_serverlist'
Loaded module 'client_stats'
Loaded module 'game_interface'
Loaded module 'game_hotkeys'
Loaded module 'game_questlog'
Loaded module 'game_textmessage'
Loaded module 'game_console'
Loaded module 'game_outfit'
Loaded module 'game_healthinfo'
Loaded module 'game_skills'
Loaded module 'game_inventory'
Loaded module 'game_combatcontrols'
Loaded module 'game_containers'
Loaded module 'game_viplist'
Loaded module 'game_battle'
Loaded module 'game_minimap'
Loaded module 'game_npctrade'
Loaded module 'game_textwindow'
Loaded module 'game_playertrade'
Loaded module 'game_bugreport'
Loaded module 'game_playerdeath'
Loaded module 'game_playermount'
Loaded module 'game_ruleviolation'
Loaded module 'game_market'
Loaded module 'game_spelllist'
Loaded module 'game_cooldown'
Loaded module 'game_modaldialog'
Loaded module 'game_unjustifiedpoints'
ERROR: Unable to send extended opcode 1, extended opcodes are not enabled
ERROR: Unable to send extended opcode 1, extended opcodes are not enabled
Could not send statistics: Unknown error
Could not send statistics: Unknown error
Could not send statistics: Unknown error
Could not send statistics: Unknown error
Could not send statistics: Unknown error
Could not send statistics: Unknown error
Could not send statistics: Unknown error
Could not send statistics: Unknown error
Could not send statistics: Unknown error
Could not send statistics: Unknown error
Could not send statistics: Unknown error
Could not send statistics: Unknown error
Could not send statistics: Unknown error
Could not send statistics: Unknown error
Could not send statistics: Unknown error
Could not send statistics: Unknown error
Could not send statistics: Unknown error
Could not send statistics: Unknown error
Could not send statistics: Unknown error
Could not send statistics: Unknown error
Could not send statistics: Unknown error
Could not send statistics: Unknown error
Could not send statistics: Unknown error
Could not send statistics: Unknown error
Could not send statistics: Unknown error
Could not send statistics: Unknown error
Could not send statistics: Unknown error
Could not send statistics: Unknown error
Could not send statistics: Unknown error
Could not send statistics: Unknown error
Could not send statistics: Unknown error
Could not send statistics: Unknown error
Could not send statistics: Unknown error
Could not send statistics: Unknown error
Could not send statistics: Unknown error
Could not send statistics: Unknown error
Could not send statistics: Unknown error
Could not send statistics: Unknown error
Could not send statistics: Unknown error
Could not send statistics: Unknown error
Could not send statistics: Unknown error
Could not send statistics: Unknown error
Could not send statistics: Unknown error
Could not send statistics: Unknown error
Could not send statistics: Unknown error
Could not send statistics: Unknown error
Could not send statistics: Unknown error
Could not send statistics: Unknown error
Could not send statistics: Unknown error
Could not send statistics: Unknown error
Could not send statistics: Unknown error
Could not send statistics: Unknown error
Could not send statistics: Unknown error
Could not send statistics: Unknown error
Could not send statistics: Unknown error
Could not send statistics: Unknown error
Could not send statistics: Unknown error
Could not send statistics: Unknown error
Could not send statistics: Unknown error
Could not send statistics: Unknown error
Could not send statistics: Unknown error
Could not send statistics: Unknown error
Could not send statistics: Unknown error
Could not send statistics: Unknown error
Could not send statistics: Unknown error
Could not send statistics: Unknown error
Could not send statistics: Unknown error
Could not send statistics: Unknown error
ERROR: Unable to send extended opcode 1, extended opcodes are not enabled
Could not send statistics: Unknown error
Could not send statistics: Unknown error
Could not send statistics: Unknown error
Could not send statistics: Unknown error
Could not send statistics: Unknown error
Could not send statistics: Unknown error
Could not send statistics: Unknown error
Could not send statistics: Unknown error
Could not send statistics: Unknown error
Could not send statistics: Unknown error
Could not send statistics: Unknown error
Could not send statistics: Unknown error
Could not send statistics: Unknown error
Could not send statistics: Unknown error
Could not send statistics: Unknown error
Could not send statistics: Unknown error
Could not send statistics: Unknown error
Could not send statistics: Unknown error
Could not send statistics: Unknown error
Could not send statistics: Unknown error
Could not send statistics: Unknown error
Could not send statistics: Unknown error
Could not send statistics: Unknown error
Could not send statistics: Unknown error
Could not send statistics: Unknown error
Could not send statistics: Unknown error
Could not send statistics: Unknown error
Could not send statistics: Unknown error
Could not send statistics: Unknown error
Could not send statistics: Unknown error
Could not send statistics: Unknown error
Could not send statistics: Unknown error
Could not send statistics: Unknown error
Could not send statistics: Unknown error
Could not send statistics: Unknown error
Could not send statistics: Unknown error
Could not send statistics: Unknown error
Could not send statistics: Unknown error
Could not send statistics: Unknown error
Could not send statistics: Unknown error
Could not send statistics: Unknown error
Could not send statistics: Unknown error
Could not send statistics: Unknown error
Could not send statistics: Unknown error
Could not send statistics: Unknown error
Could not send statistics: Unknown error
Could not send statistics: Unknown error
Could not send statistics: Unknown error
Could not send statistics: Unknown error
Could not send statistics: Unknown error
Could not send statistics: Unknown error
Could not send statistics: Unknown error
Could not send statistics: Unknown error
Could not send statistics: Unknown error
Could not send statistics: Unknown error
Could not send statistics: Unknown error
Could not send statistics: Unknown error
Could not send statistics: Unknown error
Could not send statistics: Unknown error
Could not send statistics: Unknown error
Could not send statistics: Unknown error
Could not send statistics: Unknown error
Could not send statistics: Unknown error
Could not send statistics: Unknown error
Could not send statistics: Unknown error
Could not send statistics: Unknown error
Could not send statistics: Unknown error
Could not send statistics: Unknown error
Could not send statistics: Unknown error
Could not send statistics: Unknown error
Could not send statistics: Unknown error
Could not send statistics: Unknown error
Could not send statistics: Unknown error
Could not send statistics: Unknown error
Could not send statistics: Unknown error
Could not send statistics: Unknown error
Could not send statistics: Unknown error
Could not send statistics: Unknown error
Could not send statistics: Unknown error
Could not send statistics: Unknown error
Could not send statistics: Unknown error
Could not send statistics: Unknown error
Could not send statistics: Unknown error
Could not send statistics: Unknown error
Could not send statistics: Unknown error
Could not send statistics: Unknown error
Could not send statistics: Unknown error
Could not send statistics: Unknown error
Could not send statistics: Unknown error
Could not send statistics: Unknown error
Could not send statistics: Unknown error
Could not send statistics: Unknown error
Could not send statistics: Unknown error
ERROR: Unable to send extended opcode 1, extended opcodes are not enabled
Could not send statistics: Unknown error
Could not send statistics: Unknown error
Could not send statistics: Unknown error
Could not send statistics: Unknown error
Could not send statistics: Unknown error
Could not send statistics: Unknown error
Could not send statistics: Unknown error
Could not send statistics: Unknown error
Could not send statistics: Unknown error
Could not send statistics: Unknown error
Could not send statistics: Unknown error
Could not send statistics: Unknown error
Could not send statistics: Unknown error
Could not send statistics: Unknown error
Could not send statistics: Unknown error
Could not send statistics: Unknown error
Could not send statistics: Unknown error
Could not send statistics: Unknown error
Could not send statistics: Unknown error
Could not send statistics: Unknown error
Could not send statistics: Unknown error
Could not send statistics: Unknown error
Could not send statistics: Unknown error
Could not send statistics: Unknown error
Could not send statistics: Unknown error
Could not send statistics: Unknown error
Could not send statistics: Unknown error
Could not send statistics: Unknown error
Could not send statistics: Unknown error
Could not send statistics: Unknown error
ERROR: Unable to send extended opcode 1, extended opcodes are not enabled
Could not send statistics: Unknown error
ERROR: Unable to send extended opcode 1, extended opcodes are not enabled
Could not send statistics: Unknown error
Could not send statistics: Unknown error
Could not send statistics: Unknown error
Could not send statistics: Unknown error
Could not send statistics: Unknown error
Could not send statistics: Unknown error
Could not send statistics: Unknown error
Could not send statistics: Unknown error
Could not send statistics: Unknown error
Could not send statistics: Unknown error
Could not send statistics: Unknown error
Could not send statistics: Unknown error
Could not send statistics: Unknown error
Could not send statistics: Unknown error
Could not send statistics: Unknown error
Could not send statistics: Unknown error
Could not send statistics: Unknown error
Could not send statistics: Unknown error
Could not send statistics: Unknown error
Could not send statistics: Unknown error
WARNING: message in channel id 0 which is unknown, this is a server bug, relogin if you want to see messages in this channel
WARNING: widget 'container0' destroyed but still have 1 reference(s) left
Could not send statistics: Unknown error
ERROR: Unable to send extended opcode 1, extended opcodes are not enabled
Could not send statistics: Unknown error
Could not send statistics: Unknown error
Could not send statistics: Unknown error
Could not send statistics: Unknown error
Could not send statistics: Unknown error
Could not send statistics: Unknown error
Could not send statistics: Unknown error
Could not send statistics: Unknown error
Could not send statistics: Unknown error
Could not send statistics: Unknown error
Could not send statistics: Unknown error
Could not send statistics: Unknown error
Could not send statistics: Unknown error
Could not send statistics: Unknown error
Could not send statistics: Unknown error
Could not send statistics: Unknown error
Could not send statistics: Unknown error
Could not send statistics: Unknown error
Could not send statistics: Unknown error
Could not send statistics: Unknown error
Could not send statistics: Unknown error
Could not send statistics: Unknown error
Could not send statistics: Unknown error
Could not send statistics: Unknown error
Could not send statistics: Unknown error
Could not send statistics: Unknown error
Could not send statistics: Unknown error
Could not send statistics: Unknown error
Could not send statistics: Unknown error
Could not send statistics: Unknown error
Could not send statistics: Unknown error
Could not send statistics: Unknown error
Could not send statistics: Unknown error
Could not send statistics: Unknown error
Could not send statistics: Unknown error
Could not send statistics: Unknown error
Could not send statistics: Unknown error
Could not send statistics: Unknown error
Could not send statistics: Unknown error
Could not send statistics: Unknown error
Could not send statistics: Unknown error
Could not send statistics: Unknown error
Could not send statistics: Unknown error
Could not send statistics: Unknown error
Could not send statistics: Unknown error
Could not send statistics: Unknown error
Could not send statistics: Unknown error
Could not send statistics: Unknown error
Could not send statistics: Unknown error
Could not send statistics: Unknown error
Could not send statistics: Unknown error
Could not send statistics: Unknown error
Could not send statistics: Unknown error
ERROR: Unable to send extended opcode 1, extended opcodes are not enabled
ERROR: Unable to send extended opcode 1, extended opcodes are not enabled
Could not send statistics: Unknown error
Could not send statistics: Unknown error
Could not send statistics: Unknown error
Could not send statistics: Unknown error
Could not send statistics: Unknown error
ERROR: Unable to send extended opcode 1, extended opcodes are not enabled
ERROR: Unable to send extended opcode 1, extended opcodes are not enabled
Could not send statistics: Unknown error
Could not send statistics: Unknown error
Could not send statistics: Unknown error
Could not send statistics: Unknown error
Could not send statistics: Unknown error
Could not send statistics: Unknown error
Could not send statistics: Unknown error
Could not send statistics: Unknown error
Could not send statistics: Unknown error
Could not send statistics: Unknown error
Could not send statistics: Unknown error
Could not send statistics: Unknown error
Could not send statistics: Unknown error
Could not send statistics: Unknown error
Could not send statistics: Unknown error
Could not send statistics: Unknown error
Could not send statistics: Unknown error
Could not send statistics: Unknown error
Could not send statistics: Unknown error
Could not send statistics: Unknown error
Could not send statistics: Unknown error
Could not send statistics: Unknown error
Could not send statistics: Unknown error
Could not send statistics: Unknown error
Could not send statistics: Unknown error
Could not send statistics: Unknown error
Could not send statistics: Unknown error
ERROR: Unable to send extended opcode 1, extended opcodes are not enabled
ERROR: Unable to send extended opcode 1, extended opcodes are not enabled
Could not send statistics: Unknown error
Could not send statistics: Unknown error
ERROR: Unable to send extended opcode 1, extended opcodes are not enabled
Could not send statistics: Unknown error
Could not send statistics: Unknown error
Could not send statistics: Unknown error
Could not send statistics: Unknown error
Could not send statistics: Unknown error
Could not send statistics: Unknown error
Could not send statistics: Unknown error
Could not send statistics: Unknown error
Could not send statistics: Unknown error
Could not send statistics: Unknown error
Could not send statistics: Unknown error
Could not send statistics: Unknown error
Could not send statistics: Unknown error
Could not send statistics: Unknown error
Could not send statistics: Unknown error
Could not send statistics: Unknown error
ERROR: Unable to send extended opcode 1, extended opcodes are not enabled
Could not send statistics: Unknown error
Could not send statistics: Unknown error
Could not send statistics: Unknown error
Could not send statistics: Unknown error
ERROR: Unable to send extended opcode 1, extended opcodes are not enabled
Could not send statistics: Unknown error
Could not send statistics: Unknown error
Could not send statistics: Unknown error
Could not send statistics: Unknown error
Could not send statistics: Unknown error
Could not send statistics: Unknown error
Could not send statistics: Unknown error
Could not send statistics: Unknown error
Could not send statistics: Unknown error
Could not send statistics: Unknown error
Could not send statistics: Unknown error
Could not send statistics: Unknown error
ERROR: Unable to send extended opcode 1, extended opcodes are not enabled
Could not send statistics: Unknown error
Could not send statistics: Unknown error
Could not send statistics: Unknown error
Could not send statistics: Unknown error
Could not send statistics: Unknown error
Could not send statistics: Unknown error
Could not send statistics: Unknown error
Could not send statistics: Unknown error
Could not send statistics: Unknown error
Could not send statistics: Unknown error
Could not send statistics: Unknown error
Could not send statistics: Unknown error
Could not send statistics: Unknown error
Could not send statistics: Unknown error
ERROR: Unable to send extended opcode 1, extended opcodes are not enabled
Could not send statistics: Unknown error
Could not send statistics: Unknown error
Could not send statistics: Unknown error
Could not send statistics: Unknown error
Could not send statistics: Unknown error
Could not send statistics: Unknown error
Could not send statistics: Unknown error
Could not send statistics: Unknown error
Could not send statistics: Unknown error
Could not send statistics: Unknown error
Could not send statistics: Unknown error
Could not send statistics: Unknown error
Could not send statistics: Unknown error
Could not send statistics: Unknown error
Could not send statistics: Unknown error
Could not send statistics: Unknown error
Could not send statistics: Unknown error
Could not send statistics: Unknown error
Could not send statistics: Unknown error
Could not send statistics: Unknown error
Could not send statistics: Unknown error
Could not send statistics: Unknown error
Could not send statistics: Unknown error
Could not send statistics: Unknown error
Could not send statistics: Unknown error
Could not send statistics: Unknown error
Could not send statistics: Unknown error
Could not send statistics: Unknown error
Could not send statistics: Unknown error
Could not send statistics: Unknown error
Could not send statistics: Unknown error
ERROR: Unable to send extended opcode 1, extended opcodes are not enabled
Could not send statistics: Unknown error
Could not send statistics: Unknown error
Could not send statistics: Unknown error
Could not send statistics: Unknown error
Could not send statistics: Unknown error
Could not send statistics: Unknown error
Could not send statistics: Unknown error
Could not send statistics: Unknown error
Could not send statistics: Unknown error
Could not send statistics: Unknown error
Could not send statistics: Unknown error
Could not send statistics: Unknown error
ERROR: Unable to send extended opcode 1, extended opcodes are not enabled
Could not send statistics: Unknown error
Could not send statistics: Unknown error
Could not send statistics: Unknown error
Could not send statistics: Unknown error
Could not send statistics: Unknown error
Could not send statistics: Unknown error
Could not send statistics: Unknown error
Could not send statistics: Unknown error
Could not send statistics: Unknown error
Could not send statistics: Unknown error
Could not send statistics: Unknown error
Could not send statistics: Unknown error
Could not send statistics: Unknown error
Could not send statistics: Unknown error
Could not send statistics: Unknown error
Could not send statistics: Unknown error
Could not send statistics: Unknown error
Could not send statistics: Unknown error
Could not send statistics: Unknown error
Could not send statistics: Unknown error
Could not send statistics: Unknown error
Could not send statistics: Unknown error
Could not send statistics: Unknown error
ERROR: Unable to send extended opcode 1, extended opcodes are not enabled
Could not send statistics: Unknown error
Could not send statistics: Unknown error
ERROR: Unable to send extended opcode 1, extended opcodes are not enabled
Could not send statistics: Unknown error
Could not send statistics: Unknown error
Could not send statistics: Unknown error
Could not send statistics: Unknown error
Could not send statistics: Unknown error
Could not send statistics: Unknown error
Could not send statistics: Unknown error
Could not send statistics: Unknown error
Could not send statistics: Unknown error
Could not send statistics: Unknown error
Could not send statistics: Unknown error
Could not send statistics: Unknown error
Could not send statistics: Unknown error
Could not send statistics: Unknown error
Could not send statistics: Unknown error
Could not send statistics: Unknown error
ERROR: protected lua call failed: LUA ERROR:
/game_console/console.lua:614: attempt to index field 'selection' (a nil value)
stack traceback:
	[C]: in function '__index'
	/game_console/console.lua:614: in function </game_console/console.lua:612>
Could not send statistics: Unknown error
Could not send statistics: Unknown error
Could not send statistics: Unknown error
Could not send statistics: Unknown error
Could not send statistics: Unknown error
Could not send statistics: Unknown error
Could not send statistics: Unknown error
Could not send statistics: Unknown error
Could not send statistics: Unknown error
Could not send statistics: Unknown error
Could not send statistics: Unknown error
Could not send statistics: Unknown error
Could not send statistics: Unknown error
Could not send statistics: Unknown error
Could not send statistics: Unknown error
Could not send statistics: Unknown error
Could not send statistics: Unknown error
Could not send statistics: Unknown error
Could not send statistics: Unknown error
Could not send statistics: Unknown error
Could not send statistics: Unknown error
Could not send statistics: Unknown error
Could not send statistics: Unknown error
Could not send statistics: Unknown error
Could not send statistics: Unknown error
Could not send statistics: Unknown error
Could not send statistics: Unknown error
Could not send statistics: Unknown error
Could not send statistics: Unknown error
Could not send statistics: Unknown error
Could not send statistics: Unknown error
Could not send statistics: Unknown error
Could not send statistics: Unknown error
Could not send statistics: Unknown error
Could not send statistics: Unknown error
Could not send statistics: Unknown error
Could not send statistics: Unknown error
Could not send statistics: Unknown error
Could not send statistics: Unknown error
Could not send statistics: Unknown error
Could not send statistics: Unknown error
Could not send statistics: Unknown error
Could not send statistics: Unknown error
Could not send statistics: Unknown error
Could not send statistics: Unknown error
Could not send statistics: Unknown error
Could not send statistics: Unknown error
Could not send statistics: Unknown error
Could not send statistics: Unknown error
Could not send statistics: Unknown error
Could not send statistics: Unknown error
Could not send statistics: Unknown error
Could not send statistics: Unknown error
Could not send statistics: Unknown error
Could not send statistics: Unknown error
Could not send statistics: Unknown error
Could not send statistics: Unknown error
Could not send statistics: Unknown error
Could not send statistics: Unknown error
Could not send statistics: Unknown error
Could not send statistics: Unknown error
Could not send statistics: Unknown error
Could not send statistics: Unknown error
Could not send statistics: Unknown error
Could not send statistics: Unknown error
Could not send statistics: Unknown error
Could not send statistics: Unknown error
Could not send statistics: Unknown error
Could not send statistics: Unknown error
Could not send statistics: Unknown error
Could not send statistics: Unknown error
Could not send statistics: Unknown error
Could not send statistics: Unknown error
Could not send statistics: Unknown error
Could not send statistics: Unknown error
Could not send statistics: Unknown error
Could not send statistics: Unknown error
Could not send statistics: Unknown error
Could not send statistics: Unknown error
Could not send statistics: Unknown error
Could not send statistics: Unknown error
Could not send statistics: Unknown error
Could not send statistics: Unknown error
Could not send statistics: Unknown error
Could not send statistics: Unknown error
ERROR: Unable to send extended opcode 1, extended opcodes are not enabled
Could not send statistics: Unknown error
Could not send statistics: Unknown error
Could not send statistics: Unknown error
Could not send statistics: Unknown error
Could not send statistics: Unknown error
Could not send statistics: Unknown error
Could not send statistics: Unknown error
Could not send statistics: Unknown error
ERROR: Unable to send extended opcode 1, extended opcodes are not enabled
Could not send statistics: Unknown error
Could not send statistics: Unknown error
Could not send statistics: Unknown error
Could not send statistics: Unknown error
Could not send statistics: Unknown error
Could not send statistics: Unknown error
Could not send statistics: Unknown error
Could not send statistics: Unknown error
Could not send statistics: Unknown error
Could not send statistics: Unknown error
Could not send statistics: Unknown error
Could not send statistics: Unknown error
Could not send statistics: Unknown error
Could not send statistics: Unknown error
Could not send statistics: Unknown error
Could not send statistics: Unknown error
Could not send statistics: Unknown error
Could not send statistics: Unknown error
Could not send statistics: Unknown error
Could not send statistics: Unknown error
Could not send statistics: Unknown error
Could not send statistics: Unknown error
Could not send statistics: Unknown error
Could not send statistics: Unknown error
Could not send statistics: Unknown error
Could not send statistics: Unknown error
Could not send statistics: Unknown error
Could not send statistics: Unknown error
Could not send statistics: Unknown error
Could not send statistics: Unknown error
Could not send statistics: Unknown error
Could not send statistics: Unknown error
ERROR: Unable to send extended opcode 1, extended opcodes are not enabled
Could not send statistics: Unknown error
ERROR: Unable to send extended opcode 1, extended opcodes are not enabled
Could not send statistics: Unknown error
Could not send statistics: Unknown error
Could not send statistics: Unknown error
Could not send statistics: Unknown error
ERROR: Unable to send extended opcode 1, extended opcodes are not enabled
Could not send statistics: Unknown error
Could not send statistics: Unknown error
Could not send statistics: Unknown error
Could not send statistics: Unknown error
Could not send statistics: Unknown error
Could not send statistics: Unknown error
Could not send statistics: Unknown error
Could not send statistics: Unknown error
Could not send statistics: Unknown error
Could not send statistics: Unknown error
Could not send statistics: Unknown error
Could not send statistics: Unknown error
Could not send statistics: Unknown error
Could not send statistics: Unknown error
Could not send statistics: Unknown error
Could not send statistics: Unknown error
ERROR: Unable to send extended opcode 1, extended opcodes are not enabled
Could not send statistics: Unknown error
Could not send statistics: Unknown error
Could not send statistics: Unknown error
Could not send statistics: Unknown error
Could not send statistics: Unknown error
Could not send statistics: Unknown error
ERROR: Unable to send extended opcode 1, extended opcodes are not enabled
ERROR: Unable to send extended opcode 1, extended opcodes are not enabled
Could not send statistics: Unknown error
ERROR: Unable to send extended opcode 1, extended opcodes are not enabled
Could not send statistics: Unknown error
Could not send statistics: Unknown error
ERROR: Unable to send extended opcode 1, extended opcodes are not enabled
Could not send statistics: Unknown error
ERROR: Unable to send extended opcode 1, extended opcodes are not enabled
Could not send statistics: Unknown error
